<?xml version="1.0" encoding="UTF-8"?>
<testsuites>
  <testsuite name="CLI Arguments" tests="69" assertions="316" errors="0" failures="0" skipped="0" time="0.039033">
    <testsuite name="tests\Oscar\Connector\ConnectorActivityCSVWithConfTest" file="/home/bouvry/Projects/Unicaen/OscarProject/Ripley-dev/oscar/tests/Oscar/Connector/ConnectorActivityCSVWithConfTest.php" tests="3" assertions="60" errors="0" failures="0" skipped="0" time="0.007334">
      <testcase name="testDemoData" file="/home/bouvry/Projects/Unicaen/OscarProject/Ripley-dev/oscar/tests/Oscar/Connector/ConnectorActivityCSVWithConfTest.php" line="27" class="tests\Oscar\Connector\ConnectorActivityCSVWithConfTest" classname="tests.Oscar.Connector.ConnectorActivityCSVWithConfTest" assertions="1" time="0.001830"/>
      <testcase name="testDemoConfig" file="/home/bouvry/Projects/Unicaen/OscarProject/Ripley-dev/oscar/tests/Oscar/Connector/ConnectorActivityCSVWithConfTest.php" line="33" class="tests\Oscar\Connector\ConnectorActivityCSVWithConfTest" classname="tests.Oscar.Connector.ConnectorActivityCSVWithConfTest" assertions="2" time="0.000710"/>
      <testcase name="testDemo" file="/home/bouvry/Projects/Unicaen/OscarProject/Ripley-dev/oscar/tests/Oscar/Connector/ConnectorActivityCSVWithConfTest.php" line="42" class="tests\Oscar\Connector\ConnectorActivityCSVWithConfTest" classname="tests.Oscar.Connector.ConnectorActivityCSVWithConfTest" assertions="57" time="0.004793"/>
    </testsuite>
    <testsuite name="tests\Oscar\Connector\DataExtractorFullnameTest" file="/home/bouvry/Projects/Unicaen/OscarProject/Ripley-dev/oscar/tests/Oscar/Connector/DataExtractorFullnameTest.php" tests="7" assertions="28" errors="0" failures="0" skipped="0" time="0.002665">
      <testcase name="testSimple" file="/home/bouvry/Projects/Unicaen/OscarProject/Ripley-dev/oscar/tests/Oscar/Connector/DataExtractorFullnameTest.php" line="22" class="tests\Oscar\Connector\DataExtractorFullnameTest" classname="tests.Oscar.Connector.DataExtractorFullnameTest" assertions="4" time="0.000703"/>
      <testcase name="test2" file="/home/bouvry/Projects/Unicaen/OscarProject/Ripley-dev/oscar/tests/Oscar/Connector/DataExtractorFullnameTest.php" line="38" class="tests\Oscar\Connector\DataExtractorFullnameTest" classname="tests.Oscar.Connector.DataExtractorFullnameTest" assertions="4" time="0.000415"/>
      <testcase name="test3" file="/home/bouvry/Projects/Unicaen/OscarProject/Ripley-dev/oscar/tests/Oscar/Connector/DataExtractorFullnameTest.php" line="54" class="tests\Oscar\Connector\DataExtractorFullnameTest" classname="tests.Oscar.Connector.DataExtractorFullnameTest" assertions="4" time="0.000386"/>
      <testcase name="testSimpleAvecEmail" file="/home/bouvry/Projects/Unicaen/OscarProject/Ripley-dev/oscar/tests/Oscar/Connector/DataExtractorFullnameTest.php" line="70" class="tests\Oscar\Connector\DataExtractorFullnameTest" classname="tests.Oscar.Connector.DataExtractorFullnameTest" assertions="4" time="0.000445"/>
      <testcase name="testPrénomComposé" file="/home/bouvry/Projects/Unicaen/OscarProject/Ripley-dev/oscar/tests/Oscar/Connector/DataExtractorFullnameTest.php" line="86" class="tests\Oscar\Connector\DataExtractorFullnameTest" classname="tests.Oscar.Connector.DataExtractorFullnameTest" assertions="4" time="0.000332"/>
      <testcase name="testPrénomComposéAvecEmail" file="/home/bouvry/Projects/Unicaen/OscarProject/Ripley-dev/oscar/tests/Oscar/Connector/DataExtractorFullnameTest.php" line="102" class="tests\Oscar\Connector\DataExtractorFullnameTest" classname="tests.Oscar.Connector.DataExtractorFullnameTest" assertions="4" time="0.000183"/>
      <testcase name="testNomEspace" file="/home/bouvry/Projects/Unicaen/OscarProject/Ripley-dev/oscar/tests/Oscar/Connector/DataExtractorFullnameTest.php" line="118" class="tests\Oscar\Connector\DataExtractorFullnameTest" classname="tests.Oscar.Connector.DataExtractorFullnameTest" assertions="4" time="0.000202"/>
    </testsuite>
    <testsuite name="GetJsonDataFromFileStrategyTest" file="/home/bouvry/Projects/Unicaen/OscarProject/Ripley-dev/oscar/tests/Oscar/Connector/GetJsonDataFromFileStrategyTest.php" tests="3" assertions="3" errors="0" failures="0" skipped="0" time="0.001064">
      <testcase name="testNoFile" file="/home/bouvry/Projects/Unicaen/OscarProject/Ripley-dev/oscar/tests/Oscar/Connector/GetJsonDataFromFileStrategyTest.php" line="12" class="GetJsonDataFromFileStrategyTest" classname="GetJsonDataFromFileStrategyTest" assertions="1" time="0.000511"/>
      <testcase name="testEmptyFile" file="/home/bouvry/Projects/Unicaen/OscarProject/Ripley-dev/oscar/tests/Oscar/Connector/GetJsonDataFromFileStrategyTest.php" line="26" class="GetJsonDataFromFileStrategyTest" classname="GetJsonDataFromFileStrategyTest" assertions="1" time="0.000191"/>
      <testcase name="testNotJsonFile" file="/home/bouvry/Projects/Unicaen/OscarProject/Ripley-dev/oscar/tests/Oscar/Connector/GetJsonDataFromFileStrategyTest.php" line="39" class="GetJsonDataFromFileStrategyTest" classname="GetJsonDataFromFileStrategyTest" assertions="1" time="0.000361"/>
    </testsuite>
    <testsuite name="GetJsonDataFromUrlStrategyTest" file="/home/bouvry/Projects/Unicaen/OscarProject/Ripley-dev/oscar/tests/Oscar/Connector/GetJsonDataFromUrlStrategyTest.php" tests="1" assertions="1" errors="0" failures="0" skipped="0" time="0.006725">
      <testcase name="testBadURL" file="/home/bouvry/Projects/Unicaen/OscarProject/Ripley-dev/oscar/tests/Oscar/Connector/GetJsonDataFromUrlStrategyTest.php" line="12" class="GetJsonDataFromUrlStrategyTest" classname="GetJsonDataFromUrlStrategyTest" assertions="1" time="0.006725"/>
    </testsuite>
    <testsuite name="Oscar\Entity\ActivityTest" file="/home/bouvry/Projects/Unicaen/OscarProject/Ripley-dev/oscar/tests/Oscar/Entity/ActivityTest.php" tests="1" assertions="2" errors="0" failures="0" skipped="0" time="0.001069">
      <testcase name="testDateStart" file="/home/bouvry/Projects/Unicaen/OscarProject/Ripley-dev/oscar/tests/Oscar/Entity/ActivityTest.php" line="20" class="Oscar\Entity\ActivityTest" classname="Oscar.Entity.ActivityTest" assertions="2" time="0.001069"/>
    </testsuite>
    <testsuite name="Oscar\Entity\ValidatorPeriodTest" file="/home/bouvry/Projects/Unicaen/OscarProject/Ripley-dev/oscar/tests/Oscar/Entity/ValidatorPeriodTest.php" tests="1" assertions="13" errors="0" failures="0" skipped="0" time="0.001218">
      <testcase name="testValidateursActivity" file="/home/bouvry/Projects/Unicaen/OscarProject/Ripley-dev/oscar/tests/Oscar/Entity/ValidatorPeriodTest.php" line="47" class="Oscar\Entity\ValidatorPeriodTest" classname="Oscar.Entity.ValidatorPeriodTest" assertions="13" time="0.001218"/>
    </testsuite>
    <testsuite name="JsonToOrganizationFactoryTest" file="/home/bouvry/Projects/Unicaen/OscarProject/Ripley-dev/oscar/tests/Oscar/Factory/JsonToOrganizationFactoryTest.php" tests="2" assertions="6" errors="0" failures="0" skipped="0" time="0.001683">
      <testcase name="testGetInstance" file="/home/bouvry/Projects/Unicaen/OscarProject/Ripley-dev/oscar/tests/Oscar/Factory/JsonToOrganizationFactoryTest.php" line="19" class="JsonToOrganizationFactoryTest" classname="JsonToOrganizationFactoryTest" assertions="5" time="0.001354"/>
      <testcase name="testThrowMissingUid" file="/home/bouvry/Projects/Unicaen/OscarProject/Ripley-dev/oscar/tests/Oscar/Factory/JsonToOrganizationFactoryTest.php" line="42" class="JsonToOrganizationFactoryTest" classname="JsonToOrganizationFactoryTest" assertions="1" time="0.000329"/>
    </testsuite>
    <testsuite name="JsonToPersonFactoryTest" file="/home/bouvry/Projects/Unicaen/OscarProject/Ripley-dev/oscar/tests/Oscar/Factory/JsonToPersonFactoryTest.php" tests="1" assertions="10" errors="0" failures="0" skipped="0" time="0.000502">
      <testcase name="testGetInstance" file="/home/bouvry/Projects/Unicaen/OscarProject/Ripley-dev/oscar/tests/Oscar/Factory/JsonToPersonFactoryTest.php" line="7" class="JsonToPersonFactoryTest" classname="JsonToPersonFactoryTest" assertions="10" time="0.000502"/>
    </testsuite>
    <testsuite name="Oscar\Import\DataExtractorDateTest" file="/home/bouvry/Projects/Unicaen/OscarProject/Ripley-dev/oscar/tests/Oscar/Import/DataExtractorDateTest.php" tests="3" assertions="6" errors="0" failures="0" skipped="0" time="0.000738">
      <testcase name="testStandardValueExtract" file="/home/bouvry/Projects/Unicaen/OscarProject/Ripley-dev/oscar/tests/Oscar/Import/DataExtractorDateTest.php" line="17" class="Oscar\Import\DataExtractorDateTest" classname="Oscar.Import.DataExtractorDateTest" assertions="2" time="0.000265"/>
      <testcase name="testSlashYearEndValueExtract" file="/home/bouvry/Projects/Unicaen/OscarProject/Ripley-dev/oscar/tests/Oscar/Import/DataExtractorDateTest.php" line="25" class="Oscar\Import\DataExtractorDateTest" classname="Oscar.Import.DataExtractorDateTest" assertions="2" time="0.000197"/>
      <testcase name="testBadDateValueExtract" file="/home/bouvry/Projects/Unicaen/OscarProject/Ripley-dev/oscar/tests/Oscar/Import/DataExtractorDateTest.php" line="33" class="Oscar\Import\DataExtractorDateTest" classname="Oscar.Import.DataExtractorDateTest" assertions="2" time="0.000275"/>
    </testsuite>
    <testsuite name="tests\Oscar\Import\DataExtractorFullnameTest" file="/home/bouvry/Projects/Unicaen/OscarProject/Ripley-dev/oscar/tests/Oscar/Import/DataExtractorFullnameTest.php" tests="4" assertions="12" errors="0" failures="0" skipped="0" time="0.000812">
      <testcase name="testValid" file="/home/bouvry/Projects/Unicaen/OscarProject/Ripley-dev/oscar/tests/Oscar/Import/DataExtractorFullnameTest.php" line="17" class="tests\Oscar\Import\DataExtractorFullnameTest" classname="tests.Oscar.Import.DataExtractorFullnameTest" assertions="3" time="0.000166"/>
      <testcase name="testCommatFirst" file="/home/bouvry/Projects/Unicaen/OscarProject/Ripley-dev/oscar/tests/Oscar/Import/DataExtractorFullnameTest.php" line="26" class="tests\Oscar\Import\DataExtractorFullnameTest" classname="tests.Oscar.Import.DataExtractorFullnameTest" assertions="3" time="0.000257"/>
      <testcase name="testCommatLastValid" file="/home/bouvry/Projects/Unicaen/OscarProject/Ripley-dev/oscar/tests/Oscar/Import/DataExtractorFullnameTest.php" line="35" class="tests\Oscar\Import\DataExtractorFullnameTest" classname="tests.Oscar.Import.DataExtractorFullnameTest" assertions="3" time="0.000176"/>
      <testcase name="testMailLastValid" file="/home/bouvry/Projects/Unicaen/OscarProject/Ripley-dev/oscar/tests/Oscar/Import/DataExtractorFullnameTest.php" line="44" class="tests\Oscar\Import\DataExtractorFullnameTest" classname="tests.Oscar.Import.DataExtractorFullnameTest" assertions="3" time="0.000213"/>
    </testsuite>
    <testsuite name="tests\Oscar\Import\DataExtractorOrganizationTest" file="/home/bouvry/Projects/Unicaen/OscarProject/Ripley-dev/oscar/tests/Oscar/Import/DataExtractorOrganizationTest.php" tests="6" assertions="13" errors="0" failures="0" skipped="0" time="0.001508">
      <testcase name="testBasicData" file="/home/bouvry/Projects/Unicaen/OscarProject/Ripley-dev/oscar/tests/Oscar/Import/DataExtractorOrganizationTest.php" line="27" class="tests\Oscar\Import\DataExtractorOrganizationTest" classname="tests.Oscar.Import.DataExtractorOrganizationTest" assertions="1" time="0.000294"/>
      <testcase name="testCodeData" file="/home/bouvry/Projects/Unicaen/OscarProject/Ripley-dev/oscar/tests/Oscar/Import/DataExtractorOrganizationTest.php" line="33" class="tests\Oscar\Import\DataExtractorOrganizationTest" classname="tests.Oscar.Import.DataExtractorOrganizationTest" assertions="2" time="0.000177"/>
      <testcase name="testNoCodeData" file="/home/bouvry/Projects/Unicaen/OscarProject/Ripley-dev/oscar/tests/Oscar/Import/DataExtractorOrganizationTest.php" line="40" class="tests\Oscar\Import\DataExtractorOrganizationTest" classname="tests.Oscar.Import.DataExtractorOrganizationTest" assertions="2" time="0.000171"/>
      <testcase name="testShortnameData" file="/home/bouvry/Projects/Unicaen/OscarProject/Ripley-dev/oscar/tests/Oscar/Import/DataExtractorOrganizationTest.php" line="47" class="tests\Oscar\Import\DataExtractorOrganizationTest" classname="tests.Oscar.Import.DataExtractorOrganizationTest" assertions="2" time="0.000400"/>
      <testcase name="testShortAndCodeData" file="/home/bouvry/Projects/Unicaen/OscarProject/Ripley-dev/oscar/tests/Oscar/Import/DataExtractorOrganizationTest.php" line="54" class="tests\Oscar\Import\DataExtractorOrganizationTest" classname="tests.Oscar.Import.DataExtractorOrganizationTest" assertions="3" time="0.000303"/>
      <testcase name="testBadData" file="/home/bouvry/Projects/Unicaen/OscarProject/Ripley-dev/oscar/tests/Oscar/Import/DataExtractorOrganizationTest.php" line="63" class="tests\Oscar\Import\DataExtractorOrganizationTest" classname="tests.Oscar.Import.DataExtractorOrganizationTest" assertions="3" time="0.000163"/>
    </testsuite>
    <testsuite name="Oscar\Import\DataStringArrayTest" file="/home/bouvry/Projects/Unicaen/OscarProject/Ripley-dev/oscar/tests/Oscar/Import/DataStringArrayTest.php" tests="7" assertions="19" errors="0" failures="0" skipped="0" time="0.001594">
      <testcase name="testInputNull" file="/home/bouvry/Projects/Unicaen/OscarProject/Ripley-dev/oscar/tests/Oscar/Import/DataStringArrayTest.php" line="18" class="Oscar\Import\DataStringArrayTest" classname="Oscar.Import.DataStringArrayTest" assertions="1" time="0.000451"/>
      <testcase name="testInputEmpty" file="/home/bouvry/Projects/Unicaen/OscarProject/Ripley-dev/oscar/tests/Oscar/Import/DataStringArrayTest.php" line="29" class="Oscar\Import\DataStringArrayTest" classname="Oscar.Import.DataStringArrayTest" assertions="2" time="0.000287"/>
      <testcase name="testInputEmptySpace" file="/home/bouvry/Projects/Unicaen/OscarProject/Ripley-dev/oscar/tests/Oscar/Import/DataStringArrayTest.php" line="37" class="Oscar\Import\DataStringArrayTest" classname="Oscar.Import.DataStringArrayTest" assertions="2" time="0.000173"/>
      <testcase name="testInputOne" file="/home/bouvry/Projects/Unicaen/OscarProject/Ripley-dev/oscar/tests/Oscar/Import/DataStringArrayTest.php" line="45" class="Oscar\Import\DataStringArrayTest" classname="Oscar.Import.DataStringArrayTest" assertions="2" time="0.000167"/>
      <testcase name="testInputMore" file="/home/bouvry/Projects/Unicaen/OscarProject/Ripley-dev/oscar/tests/Oscar/Import/DataStringArrayTest.php" line="53" class="Oscar\Import\DataStringArrayTest" classname="Oscar.Import.DataStringArrayTest" assertions="4" time="0.000172"/>
      <testcase name="testInputTrimValues" file="/home/bouvry/Projects/Unicaen/OscarProject/Ripley-dev/oscar/tests/Oscar/Import/DataStringArrayTest.php" line="63" class="Oscar\Import\DataStringArrayTest" classname="Oscar.Import.DataStringArrayTest" assertions="4" time="0.000171"/>
      <testcase name="testInputUnique" file="/home/bouvry/Projects/Unicaen/OscarProject/Ripley-dev/oscar/tests/Oscar/Import/DataStringArrayTest.php" line="73" class="Oscar\Import\DataStringArrayTest" classname="Oscar.Import.DataStringArrayTest" assertions="4" time="0.000172"/>
    </testsuite>
    <testsuite name="Oscar\Import\FieldImportSetterStrategyTest" file="/home/bouvry/Projects/Unicaen/OscarProject/Ripley-dev/oscar/tests/Oscar/Import/FieldImportSetterStrategyTest.php" tests="1" assertions="2" errors="0" failures="0" skipped="0" time="0.000591">
      <testcase name="testRun" file="/home/bouvry/Projects/Unicaen/OscarProject/Ripley-dev/oscar/tests/Oscar/Import/FieldImportSetterStrategyTest.php" line="17" class="Oscar\Import\FieldImportSetterStrategyTest" classname="Oscar.Import.FieldImportSetterStrategyTest" assertions="2" time="0.000591"/>
    </testsuite>
    <testsuite name="Oscar\Service\SpentUtilsTest" file="/home/bouvry/Projects/Unicaen/OscarProject/Ripley-dev/oscar/tests/Oscar/Service/SpentUtilsTest.php" tests="1" assertions="1" errors="0" failures="0" skipped="0" time="0.000458">
      <testcase name="testPurgeZero" file="/home/bouvry/Projects/Unicaen/OscarProject/Ripley-dev/oscar/tests/Oscar/Service/SpentUtilsTest.php" line="19" class="Oscar\Service\SpentUtilsTest" classname="Oscar.Service.SpentUtilsTest" assertions="1" time="0.000458"/>
    </testsuite>
    <testsuite name="Oscar\Service\TimesheetServiceTest" file="/home/bouvry/Projects/Unicaen/OscarProject/Ripley-dev/oscar/tests/Oscar/Service/TimesheetServiceTest.php" tests="1" assertions="1" errors="0" failures="0" skipped="0" time="0.000259">
      <testcase name="testValidationPersonPeriod" file="/home/bouvry/Projects/Unicaen/OscarProject/Ripley-dev/oscar/tests/Oscar/Service/TimesheetServiceTest.php" line="11" class="Oscar\Service\TimesheetServiceTest" classname="Oscar.Service.TimesheetServiceTest" assertions="1" time="0.000259"/>
    </testsuite>
    <testsuite name="Oscar\Utils\ArrayUtilsTest" file="/home/bouvry/Projects/Unicaen/OscarProject/Ripley-dev/oscar/tests/Oscar/Utils/ArrayUtilsTest.php" tests="3" assertions="7" errors="0" failures="0" skipped="0" time="0.001030">
      <testcase name="testOK" file="/home/bouvry/Projects/Unicaen/OscarProject/Ripley-dev/oscar/tests/Oscar/Utils/ArrayUtilsTest.php" line="17" class="Oscar\Utils\ArrayUtilsTest" classname="Oscar.Utils.ArrayUtilsTest" assertions="2" time="0.000327"/>
      <testcase name="testException1" file="/home/bouvry/Projects/Unicaen/OscarProject/Ripley-dev/oscar/tests/Oscar/Utils/ArrayUtilsTest.php" line="22" class="Oscar\Utils\ArrayUtilsTest" classname="Oscar.Utils.ArrayUtilsTest" assertions="1" time="0.000496"/>
      <testcase name="testArrayInt" file="/home/bouvry/Projects/Unicaen/OscarProject/Ripley-dev/oscar/tests/Oscar/Utils/ArrayUtilsTest.php" line="27" class="Oscar\Utils\ArrayUtilsTest" classname="Oscar.Utils.ArrayUtilsTest" assertions="4" time="0.000207"/>
    </testsuite>
    <testsuite name="Oscar\Utils\DateTimeUtilsTest" file="/home/bouvry/Projects/Unicaen/OscarProject/Ripley-dev/oscar/tests/Oscar/Utils/DateTimeUtilsTest.php" tests="8" assertions="67" errors="0" failures="0" skipped="0" time="0.003686">
      <testcase name="testNormalize" file="/home/bouvry/Projects/Unicaen/OscarProject/Ripley-dev/oscar/tests/Oscar/Utils/DateTimeUtilsTest.php" line="17" class="Oscar\Utils\DateTimeUtilsTest" classname="Oscar.Utils.DateTimeUtilsTest" assertions="12" time="0.000481"/>
      <testcase name="testNormalizeError" file="/home/bouvry/Projects/Unicaen/OscarProject/Ripley-dev/oscar/tests/Oscar/Utils/DateTimeUtilsTest.php" line="42" class="Oscar\Utils\DateTimeUtilsTest" classname="Oscar.Utils.DateTimeUtilsTest" assertions="2" time="0.000379"/>
      <testcase name="testSDateOK" file="/home/bouvry/Projects/Unicaen/OscarProject/Ripley-dev/oscar/tests/Oscar/Utils/DateTimeUtilsTest.php" line="57" class="Oscar\Utils\DateTimeUtilsTest" classname="Oscar.Utils.DateTimeUtilsTest" assertions="30" time="0.001420"/>
      <testcase name="testGetCodePeriod" file="/home/bouvry/Projects/Unicaen/OscarProject/Ripley-dev/oscar/tests/Oscar/Utils/DateTimeUtilsTest.php" line="77" class="Oscar\Utils\DateTimeUtilsTest" classname="Oscar.Utils.DateTimeUtilsTest" assertions="2" time="0.000183"/>
      <testcase name="testAllperiodsBetweenTwo" file="/home/bouvry/Projects/Unicaen/OscarProject/Ripley-dev/oscar/tests/Oscar/Utils/DateTimeUtilsTest.php" line="82" class="Oscar\Utils\DateTimeUtilsTest" classname="Oscar.Utils.DateTimeUtilsTest" assertions="6" time="0.000217"/>
      <testcase name="testAllPeriodsFromDates" file="/home/bouvry/Projects/Unicaen/OscarProject/Ripley-dev/oscar/tests/Oscar/Utils/DateTimeUtilsTest.php" line="94" class="Oscar\Utils\DateTimeUtilsTest" classname="Oscar.Utils.DateTimeUtilsTest" assertions="10" time="0.000271"/>
      <testcase name="testPeriodInside" file="/home/bouvry/Projects/Unicaen/OscarProject/Ripley-dev/oscar/tests/Oscar/Utils/DateTimeUtilsTest.php" line="109" class="Oscar\Utils\DateTimeUtilsTest" classname="Oscar.Utils.DateTimeUtilsTest" assertions="3" time="0.000338"/>
      <testcase name="testSDateKO" file="/home/bouvry/Projects/Unicaen/OscarProject/Ripley-dev/oscar/tests/Oscar/Utils/DateTimeUtilsTest.php" line="120" class="Oscar\Utils\DateTimeUtilsTest" classname="Oscar.Utils.DateTimeUtilsTest" assertions="2" time="0.000397"/>
    </testsuite>
    <testsuite name="Oscar\Utils\FileSystemUtilsTest" file="/home/bouvry/Projects/Unicaen/OscarProject/Ripley-dev/oscar/tests/Oscar/Utils/FileSystemUtilsTest.php" tests="6" assertions="18" errors="0" failures="0" skipped="0" time="0.002803">
      <testcase name="testFilePutContents" file="/home/bouvry/Projects/Unicaen/OscarProject/Ripley-dev/oscar/tests/Oscar/Utils/FileSystemUtilsTest.php" line="28" class="Oscar\Utils\FileSystemUtilsTest" classname="Oscar.Utils.FileSystemUtilsTest" assertions="1" time="0.000730"/>
      <testcase name="testMkdirError3" file="/home/bouvry/Projects/Unicaen/OscarProject/Ripley-dev/oscar/tests/Oscar/Utils/FileSystemUtilsTest.php" line="44" class="Oscar\Utils\FileSystemUtilsTest" classname="Oscar.Utils.FileSystemUtilsTest" assertions="1" time="0.000487"/>
      <testcase name="testMakeAndDeleteDir" file="/home/bouvry/Projects/Unicaen/OscarProject/Ripley-dev/oscar/tests/Oscar/Utils/FileSystemUtilsTest.php" line="57" class="Oscar\Utils\FileSystemUtilsTest" classname="Oscar.Utils.FileSystemUtilsTest" assertions="1" time="0.000373"/>
      <testcase name="testRmdirNonDir" file="/home/bouvry/Projects/Unicaen/OscarProject/Ripley-dev/oscar/tests/Oscar/Utils/FileSystemUtilsTest.php" line="67" class="Oscar\Utils\FileSystemUtilsTest" classname="Oscar.Utils.FileSystemUtilsTest" assertions="1" time="0.000282"/>
      <testcase name="testRenameFileOk" file="/home/bouvry/Projects/Unicaen/OscarProject/Ripley-dev/oscar/tests/Oscar/Utils/FileSystemUtilsTest.php" line="74" class="Oscar\Utils\FileSystemUtilsTest" classname="Oscar.Utils.FileSystemUtilsTest" assertions="9" time="0.000576"/>
      <testcase name="testFileGetContents" file="/home/bouvry/Projects/Unicaen/OscarProject/Ripley-dev/oscar/tests/Oscar/Utils/FileSystemUtilsTest.php" line="94" class="Oscar\Utils\FileSystemUtilsTest" classname="Oscar.Utils.FileSystemUtilsTest" assertions="5" time="0.000354"/>
    </testsuite>
    <testsuite name="PeriodInfosTest" file="/home/bouvry/Projects/Unicaen/OscarProject/Ripley-dev/oscar/tests/Oscar/Utils/PeriodInfosTest.php" tests="3" assertions="20" errors="0" failures="0" skipped="0" time="0.000792">
      <testcase name="testOne" file="/home/bouvry/Projects/Unicaen/OscarProject/Ripley-dev/oscar/tests/Oscar/Utils/PeriodInfosTest.php" line="11" class="PeriodInfosTest" classname="PeriodInfosTest" assertions="5" time="0.000395"/>
      <testcase name="testPrevious" file="/home/bouvry/Projects/Unicaen/OscarProject/Ripley-dev/oscar/tests/Oscar/Utils/PeriodInfosTest.php" line="24" class="PeriodInfosTest" classname="PeriodInfosTest" assertions="10" time="0.000212"/>
      <testcase name="testBug1" file="/home/bouvry/Projects/Unicaen/OscarProject/Ripley-dev/oscar/tests/Oscar/Utils/PeriodInfosTest.php" line="44" class="PeriodInfosTest" classname="PeriodInfosTest" assertions="5" time="0.000186"/>
    </testsuite>
    <testsuite name="Oscar\Utils\PhpPolyfillTest" file="/home/bouvry/Projects/Unicaen/OscarProject/Ripley-dev/oscar/tests/Oscar/Utils/PhpPolyfillTest.php" tests="2" assertions="6" errors="0" failures="0" skipped="0" time="0.000814">
      <testcase name="testJsonDecode" file="/home/bouvry/Projects/Unicaen/OscarProject/Ripley-dev/oscar/tests/Oscar/Utils/PhpPolyfillTest.php" line="16" class="Oscar\Utils\PhpPolyfillTest" classname="Oscar.Utils.PhpPolyfillTest" assertions="3" time="0.000378"/>
      <testcase name="testJsonEncode" file="/home/bouvry/Projects/Unicaen/OscarProject/Ripley-dev/oscar/tests/Oscar/Utils/PhpPolyfillTest.php" line="28" class="Oscar\Utils\PhpPolyfillTest" classname="Oscar.Utils.PhpPolyfillTest" assertions="3" time="0.000436"/>
    </testsuite>
    <testsuite name="Oscar\Utils\StringUtilsTest" file="/home/bouvry/Projects/Unicaen/OscarProject/Ripley-dev/oscar/tests/Oscar/Utils/StringUtilsTest.php" tests="1" assertions="5" errors="0" failures="0" skipped="0" time="0.000417">
      <testcase name="testSDateOK" file="/home/bouvry/Projects/Unicaen/OscarProject/Ripley-dev/oscar/tests/Oscar/Utils/StringUtilsTest.php" line="17" class="Oscar\Utils\StringUtilsTest" classname="Oscar.Utils.StringUtilsTest" assertions="5" time="0.000417"/>
    </testsuite>
    <testsuite name="Oscar\Utils\TypeUtilsTest" file="/home/bouvry/Projects/Unicaen/OscarProject/Ripley-dev/oscar/tests/Oscar/Utils/TypeUtilsTest.php" tests="2" assertions="4" errors="0" failures="0" skipped="0" time="0.000748">
      <testcase name="testOK" file="/home/bouvry/Projects/Unicaen/OscarProject/Ripley-dev/oscar/tests/Oscar/Utils/TypeUtilsTest.php" line="17" class="Oscar\Utils\TypeUtilsTest" classname="Oscar.Utils.TypeUtilsTest" assertions="3" time="0.000439"/>
      <testcase name="testException1" file="/home/bouvry/Projects/Unicaen/OscarProject/Ripley-dev/oscar/tests/Oscar/Utils/TypeUtilsTest.php" line="22" class="Oscar\Utils\TypeUtilsTest" classname="Oscar.Utils.TypeUtilsTest" assertions="1" time="0.000309"/>
    </testsuite>
    <testsuite name="Oscar\Utils\ValidatorInputTest" file="/home/bouvry/Projects/Unicaen/OscarProject/Ripley-dev/oscar/tests/Oscar/Utils/ValidatorInputTest.php" tests="2" assertions="12" errors="0" failures="0" skipped="0" time="0.000523">
      <testcase name="testFrequency" file="/home/bouvry/Projects/Unicaen/OscarProject/Ripley-dev/oscar/tests/Oscar/Utils/ValidatorInputTest.php" line="16" class="Oscar\Utils\ValidatorInputTest" classname="Oscar.Utils.ValidatorInputTest" assertions="3" time="0.000328"/>
      <testcase name="testFrequencyInvalid" file="/home/bouvry/Projects/Unicaen/OscarProject/Ripley-dev/oscar/tests/Oscar/Utils/ValidatorInputTest.php" line="28" class="Oscar\Utils\ValidatorInputTest" classname="Oscar.Utils.ValidatorInputTest" assertions="9" time="0.000194"/>
    </testsuite>
  </testsuite>
</testsuites>
